<?xml version="1.0" encoding="UTF-8"?>
<!-- Generated by org.testng.reporters.JUnitXMLReporter -->
<testsuite hostname="LAPTOP-JTNPL350" name="unitTests" tests="1" failures="1" timestamp="12 Apr 2016 04:16:19 GMT" time="76.195" errors="0">
  <testcase name="handProbability_test" time="76.174" classname="unitTests.PokerProbabilityCalculatorTest">
    <failure type="java.lang.AssertionError" message="expected [true] but found [false]">
      <![CDATA[java.lang.AssertionError: expected [true] but found [false]
	at unitTests.PokerProbabilityCalculatorTest.handProbability_test(Unknown Source)
... Removed 27 stack frames]]>
    </failure>
  </testcase> <!-- handProbability_test -->
</testsuite> <!-- unitTests -->
